<?xml version="1.0" encoding="UTF-8"?>
<!-- Generated by org.testng.reporters.JUnitReportReporter -->
<testsuite skipped="0" hostname="W0472501MSMXT" name="com.w2a.APITestingFrameWork.TestCases.CreateCustomerTest" tests="2" failures="0" timestamp="2020-01-27T13:43:04 IST" time="3.527" errors="0">
  <testcase name="validateCreateCustomerAPIWithValidSecretKey" time="1.762" classname="com.w2a.APITestingFrameWork.TestCases.CreateCustomerTest"/>
  <system-out/>
  <testcase name="validateCreateCustomerAPIWithValidSecretKey" time="1.765" classname="com.w2a.APITestingFrameWork.TestCases.CreateCustomerTest"/>
  <system-out/>
</testsuite> <!-- com.w2a.APITestingFrameWork.TestCases.CreateCustomerTest -->
